0 info it worked if it ends with ok
1 verbose cli [ 'node', '/usr/local/bin/npm', 'install' ]
2 info using npm@1.4.28
3 info using node@v0.10.33
4 warn package.json spaces@ No repository field.
5 verbose readDependencies using package.json deps
6 verbose install where, deps [ '/Users/williamtachau/Development/SideProjects/spaces/spaces_app',
6 verbose install   [ 'bootstrap-sass',
6 verbose install     'cjsx-loader',
6 verbose install     'coffee-loader',
6 verbose install     'css-loader',
6 verbose install     'jsuri',
6 verbose install     'jsx-loader',
6 verbose install     'react',
6 verbose install     'react-router',
6 verbose install     'reqwest',
6 verbose install     'sass-loader',
6 verbose install     'style-loader',
6 verbose install     'webpack' ] ]
7 info preinstall spaces@
8 verbose readDependencies using package.json deps
9 verbose already installed skipping bootstrap-sass@~3.3.1 /Users/williamtachau/Development/SideProjects/spaces/spaces_app
10 verbose already installed skipping cjsx-loader@^0.2.0 /Users/williamtachau/Development/SideProjects/spaces/spaces_app
11 verbose already installed skipping coffee-loader@^0.7.2 /Users/williamtachau/Development/SideProjects/spaces/spaces_app
12 verbose already installed skipping css-loader@^0.14.5 /Users/williamtachau/Development/SideProjects/spaces/spaces_app
13 verbose already installed skipping jsuri@^1.3.0 /Users/williamtachau/Development/SideProjects/spaces/spaces_app
14 verbose already installed skipping jsx-loader@^0.11.0 /Users/williamtachau/Development/SideProjects/spaces/spaces_app
15 verbose already installed skipping react@~0.11.0 /Users/williamtachau/Development/SideProjects/spaces/spaces_app
16 verbose already installed skipping react-router@^0.12.4 /Users/williamtachau/Development/SideProjects/spaces/spaces_app
17 verbose already installed skipping reqwest@^1.1.5 /Users/williamtachau/Development/SideProjects/spaces/spaces_app
18 verbose already installed skipping sass-loader@^1.0.2 /Users/williamtachau/Development/SideProjects/spaces/spaces_app
19 verbose already installed skipping style-loader@^0.12.3 /Users/williamtachau/Development/SideProjects/spaces/spaces_app
20 verbose already installed skipping webpack@~1.3.0 /Users/williamtachau/Development/SideProjects/spaces/spaces_app
21 silly resolved []
22 info build /Users/williamtachau/Development/SideProjects/spaces/spaces_app
23 verbose linkStuff [ false,
23 verbose linkStuff   false,
23 verbose linkStuff   false,
23 verbose linkStuff   '/Users/williamtachau/Development/SideProjects/spaces' ]
24 info linkStuff spaces@
25 verbose linkBins spaces@
26 verbose linkMans spaces@
27 verbose rebuildBundles spaces@
28 verbose rebuildBundles [ '.bin',
28 verbose rebuildBundles   'bootstrap',
28 verbose rebuildBundles   'bootstrap-sass',
28 verbose rebuildBundles   'bootstrap-webpack',
28 verbose rebuildBundles   'cjsx-loader',
28 verbose rebuildBundles   'coffee-loader',
28 verbose rebuildBundles   'coffee-script',
28 verbose rebuildBundles   'css-loader',
28 verbose rebuildBundles   'jsuri',
28 verbose rebuildBundles   'jsx-loader',
28 verbose rebuildBundles   'node-sass',
28 verbose rebuildBundles   'react',
28 verbose rebuildBundles   'react-router',
28 verbose rebuildBundles   'reqwest',
28 verbose rebuildBundles   'sass-loader',
28 verbose rebuildBundles   'style',
28 verbose rebuildBundles   'style-loader',
28 verbose rebuildBundles   'webpack' ]
29 verbose rebuild bundle /Users/williamtachau/Development/SideProjects/spaces/spaces_app/node_modules/bootstrap
30 info build /Users/williamtachau/Development/SideProjects/spaces/spaces_app/node_modules/bootstrap
31 info preinstall bootstrap@3.3.5
32 verbose linkStuff [ false,
32 verbose linkStuff   false,
32 verbose linkStuff   false,
32 verbose linkStuff   '/Users/williamtachau/Development/SideProjects/spaces/spaces_app/node_modules' ]
33 info linkStuff bootstrap@3.3.5
34 verbose linkBins bootstrap@3.3.5
35 verbose linkMans bootstrap@3.3.5
36 verbose rebuildBundles bootstrap@3.3.5
37 info install bootstrap@3.3.5
38 info postinstall bootstrap@3.3.5
39 verbose rebuild bundle /Users/williamtachau/Development/SideProjects/spaces/spaces_app/node_modules/bootstrap-webpack
40 info build /Users/williamtachau/Development/SideProjects/spaces/spaces_app/node_modules/bootstrap-webpack
41 info preinstall bootstrap-webpack@0.0.3
42 verbose linkStuff [ false,
42 verbose linkStuff   false,
42 verbose linkStuff   false,
42 verbose linkStuff   '/Users/williamtachau/Development/SideProjects/spaces/spaces_app/node_modules' ]
43 info linkStuff bootstrap-webpack@0.0.3
44 verbose linkBins bootstrap-webpack@0.0.3
45 verbose linkMans bootstrap-webpack@0.0.3
46 verbose rebuildBundles bootstrap-webpack@0.0.3
47 verbose rebuildBundles [ 'css-loader', 'less-loader', 'style-loader' ]
48 info install bootstrap-webpack@0.0.3
49 info postinstall bootstrap-webpack@0.0.3
50 verbose rebuild bundle /Users/williamtachau/Development/SideProjects/spaces/spaces_app/node_modules/coffee-script
51 info build /Users/williamtachau/Development/SideProjects/spaces/spaces_app/node_modules/coffee-script
52 info preinstall coffee-script@1.9.3
53 verbose linkStuff [ false,
53 verbose linkStuff   false,
53 verbose linkStuff   false,
53 verbose linkStuff   '/Users/williamtachau/Development/SideProjects/spaces/spaces_app/node_modules' ]
54 info linkStuff coffee-script@1.9.3
55 warn prefer global coffee-script@1.9.3 should be installed with -g
56 verbose linkBins coffee-script@1.9.3
57 verbose link bins [ { coffee: './bin/coffee', cake: './bin/cake' },
57 verbose link bins   '/Users/williamtachau/Development/SideProjects/spaces/spaces_app/node_modules/.bin',
57 verbose link bins   false ]
58 verbose linkMans coffee-script@1.9.3
59 verbose rebuildBundles coffee-script@1.9.3
60 info install coffee-script@1.9.3
61 info postinstall coffee-script@1.9.3
62 verbose rebuild bundle /Users/williamtachau/Development/SideProjects/spaces/spaces_app/node_modules/node-sass
63 info build /Users/williamtachau/Development/SideProjects/spaces/spaces_app/node_modules/node-sass
64 info preinstall node-sass@3.2.0
65 verbose linkStuff [ false,
65 verbose linkStuff   false,
65 verbose linkStuff   false,
65 verbose linkStuff   '/Users/williamtachau/Development/SideProjects/spaces/spaces_app/node_modules' ]
66 info linkStuff node-sass@3.2.0
67 verbose linkBins node-sass@3.2.0
68 verbose link bins [ { 'node-sass': 'bin/node-sass' },
68 verbose link bins   '/Users/williamtachau/Development/SideProjects/spaces/spaces_app/node_modules/.bin',
68 verbose link bins   false ]
69 verbose linkMans node-sass@3.2.0
70 verbose rebuildBundles node-sass@3.2.0
71 verbose rebuildBundles [ '.bin',
71 verbose rebuildBundles   'async-foreach',
71 verbose rebuildBundles   'chalk',
71 verbose rebuildBundles   'gaze',
71 verbose rebuildBundles   'get-stdin',
71 verbose rebuildBundles   'glob',
71 verbose rebuildBundles   'meow',
71 verbose rebuildBundles   'mkdirp',
71 verbose rebuildBundles   'nan',
71 verbose rebuildBundles   'npmconf',
71 verbose rebuildBundles   'pangyp',
71 verbose rebuildBundles   'request',
71 verbose rebuildBundles   'sass-graph' ]
72 info install node-sass@3.2.0
73 verbose unsafe-perm in lifecycle true
74 info postinstall node-sass@3.2.0
75 verbose unsafe-perm in lifecycle true
76 verbose rebuild bundle /Users/williamtachau/Development/SideProjects/spaces/spaces_app/node_modules/style
77 info build /Users/williamtachau/Development/SideProjects/spaces/spaces_app/node_modules/style
78 info preinstall style@0.0.3
79 verbose linkStuff [ false,
79 verbose linkStuff   false,
79 verbose linkStuff   false,
79 verbose linkStuff   '/Users/williamtachau/Development/SideProjects/spaces/spaces_app/node_modules' ]
80 info linkStuff style@0.0.3
81 verbose linkBins style@0.0.3
82 verbose linkMans style@0.0.3
83 verbose rebuildBundles style@0.0.3
84 info install style@0.0.3
85 info postinstall style@0.0.3
86 info install spaces@
87 info postinstall spaces@
88 info prepublish spaces@
89 error peerinvalid The package react does not satisfy its siblings' peerDependencies requirements!
89 error peerinvalid Peer react-router@0.12.4 wants react@0.12.x
90 error System Darwin 14.3.0
91 error command "node" "/usr/local/bin/npm" "install"
92 error cwd /Users/williamtachau/Development/SideProjects/spaces/spaces_app
93 error node -v v0.10.33
94 error npm -v 1.4.28
95 error code EPEERINVALID
96 verbose exit [ 1, true ]
